<?xml version="1.0" encoding="UTF-8"?>
<!-- Generated by org.testng.reporters.JUnitXMLReporter -->
<testsuite ignored="0" hostname="DESKTOP-30K6CA2" failures="0" tests="3" name="Bookswagon" time="133.873" errors="0" timestamp="2022-09-19T23:15:47 IST">
  <testcase classname="com.bz.bookswagon.qa.testcases.HomePageTest" name="homePage_Heading_Test" time="0.223"/>
  <testcase classname="com.bz.bookswagon.qa.testcases.HomePageTest" name="homePage_UrlTest" time="0.017"/>
  <testcase classname="com.bz.bookswagon.qa.testcases.HomePageTest" name="searchBoxTest" time="2.648"/>
</testsuite> <!-- Bookswagon -->
