<?xml version="1.0" encoding="UTF-8"?>
<testng-results ignored="0" total="3" passed="3" failed="0" skipped="0">
  <reporter-output>
  </reporter-output>
  <suite started-at="2022-09-19T23:13:32 IST" name="Default Suite" finished-at="2022-09-19T23:15:46 IST" duration-ms="133873">
    <groups>
    </groups>
    <test started-at="2022-09-19T23:13:32 IST" name="Bookswagon" finished-at="2022-09-19T23:15:46 IST" duration-ms="133873">
      <class name="com.bz.bookswagon.qa.testcases.HomePageTest">
        <test-method is-config="true" signature="setUp()[pri:0, instance:com.bz.bookswagon.qa.testcases.HomePageTest@7f9fcf7f]" started-at="2022-09-19T23:13:32 IST" name="setUp" finished-at="2022-09-19T23:14:24 IST" duration-ms="51726" status="PASS">
          <reporter-output>
          </reporter-output>
        </test-method> <!-- setUp -->
        <test-method signature="homePage_Heading_Test()[pri:1, instance:com.bz.bookswagon.qa.testcases.HomePageTest@7f9fcf7f]" started-at="2022-09-19T23:14:24 IST" name="homePage_Heading_Test" finished-at="2022-09-19T23:14:24 IST" duration-ms="223" status="PASS">
          <reporter-output>
          </reporter-output>
        </test-method> <!-- homePage_Heading_Test -->
        <test-method is-config="true" signature="tearDown()[pri:0, instance:com.bz.bookswagon.qa.testcases.HomePageTest@7f9fcf7f]" started-at="2022-09-19T23:14:24 IST" name="tearDown" finished-at="2022-09-19T23:14:30 IST" duration-ms="5994" status="PASS">
          <reporter-output>
          </reporter-output>
        </test-method> <!-- tearDown -->
        <test-method is-config="true" signature="setUp()[pri:0, instance:com.bz.bookswagon.qa.testcases.HomePageTest@7f9fcf7f]" started-at="2022-09-19T23:14:30 IST" name="setUp" finished-at="2022-09-19T23:15:06 IST" duration-ms="35941" status="PASS">
          <reporter-output>
          </reporter-output>
        </test-method> <!-- setUp -->
        <test-method signature="homePage_UrlTest()[pri:2, instance:com.bz.bookswagon.qa.testcases.HomePageTest@7f9fcf7f]" started-at="2022-09-19T23:15:06 IST" name="homePage_UrlTest" finished-at="2022-09-19T23:15:06 IST" duration-ms="17" status="PASS">
          <reporter-output>
          </reporter-output>
        </test-method> <!-- homePage_UrlTest -->
        <test-method is-config="true" signature="tearDown()[pri:0, instance:com.bz.bookswagon.qa.testcases.HomePageTest@7f9fcf7f]" started-at="2022-09-19T23:15:06 IST" name="tearDown" finished-at="2022-09-19T23:15:13 IST" duration-ms="6751" status="PASS">
          <reporter-output>
          </reporter-output>
        </test-method> <!-- tearDown -->
        <test-method is-config="true" signature="setUp()[pri:0, instance:com.bz.bookswagon.qa.testcases.HomePageTest@7f9fcf7f]" started-at="2022-09-19T23:15:13 IST" name="setUp" finished-at="2022-09-19T23:15:41 IST" duration-ms="27959" status="PASS">
          <reporter-output>
          </reporter-output>
        </test-method> <!-- setUp -->
        <test-method signature="searchBoxTest()[pri:3, instance:com.bz.bookswagon.qa.testcases.HomePageTest@7f9fcf7f]" started-at="2022-09-19T23:15:41 IST" name="searchBoxTest" finished-at="2022-09-19T23:15:44 IST" duration-ms="2648" status="PASS">
          <reporter-output>
          </reporter-output>
        </test-method> <!-- searchBoxTest -->
        <test-method is-config="true" signature="tearDown()[pri:0, instance:com.bz.bookswagon.qa.testcases.HomePageTest@7f9fcf7f]" started-at="2022-09-19T23:15:44 IST" name="tearDown" finished-at="2022-09-19T23:15:46 IST" duration-ms="2480" status="PASS">
          <reporter-output>
          </reporter-output>
        </test-method> <!-- tearDown -->
      </class> <!-- com.bz.bookswagon.qa.testcases.HomePageTest -->
    </test> <!-- Bookswagon -->
  </suite> <!-- Default Suite -->
</testng-results>
