<?xml version="1.0" encoding="UTF-8"?>
<testng-results ignored="0" total="1" passed="1" failed="0" skipped="0">
  <reporter-output>
  </reporter-output>
  <suite started-at="2022-09-17T08:06:44 IST" name="Default Suite" finished-at="2022-09-17T08:07:32 IST" duration-ms="47951">
    <groups>
    </groups>
    <test started-at="2022-09-17T08:06:44 IST" name="Bookswagon" finished-at="2022-09-17T08:07:32 IST" duration-ms="47951">
      <class name="com.bz.bookswagon.qa.testcases.HomePageTest">
        <test-method is-config="true" signature="setUp()[pri:0, instance:com.bz.bookswagon.qa.testcases.HomePageTest@448ff1a8]" started-at="2022-09-17T08:06:45 IST" name="setUp" finished-at="2022-09-17T08:07:29 IST" duration-ms="44253" status="PASS">
          <reporter-output>
          </reporter-output>
        </test-method> <!-- setUp -->
        <test-method signature="searchBoxTest()[pri:3, instance:com.bz.bookswagon.qa.testcases.HomePageTest@448ff1a8]" started-at="2022-09-17T08:07:29 IST" name="searchBoxTest" finished-at="2022-09-17T08:07:31 IST" duration-ms="2054" status="PASS">
          <reporter-output>
          </reporter-output>
        </test-method> <!-- searchBoxTest -->
        <test-method is-config="true" signature="tearDown()[pri:0, instance:com.bz.bookswagon.qa.testcases.HomePageTest@448ff1a8]" started-at="2022-09-17T08:07:31 IST" name="tearDown" finished-at="2022-09-17T08:07:32 IST" duration-ms="1586" status="PASS">
          <reporter-output>
          </reporter-output>
        </test-method> <!-- tearDown -->
      </class> <!-- com.bz.bookswagon.qa.testcases.HomePageTest -->
    </test> <!-- Bookswagon -->
  </suite> <!-- Default Suite -->
</testng-results>
